
*** Running vivado
    with args -log tx_top.vds -m64 -product Vivado -mode batch -messageDb vivado.pb -notrace -source tx_top.tcl


****** Vivado v2022.1 (64-bit)
  **** SW Build 3526262 on Mon Apr 18 15:47:01 MDT 2022
  **** IP Build 3524634 on Mon Apr 18 20:55:01 MDT 2022
    ** Copyright 1986-2022 Xilinx, Inc. All Rights Reserved.

source tx_top.tcl -notrace
Command: read_checkpoint -auto_incremental -incremental /home/plwalker/AMT_SQUAD/frame_sync/pn11_tx/pn11_tx.srcs/utils_1/imports/synth_1/tx_top.dcp
INFO: [Vivado 12-5825] Read reference checkpoint from /home/plwalker/AMT_SQUAD/frame_sync/pn11_tx/pn11_tx.srcs/utils_1/imports/synth_1/tx_top.dcp for incremental synthesis
INFO: [Vivado 12-7989] Please ensure there are no constraint changes
Command: synth_design -top tx_top -part xc7a35tcpg236-1
Starting synth_design
Attempting to get a license for feature 'Synthesis' and/or device 'xc7a35t'
INFO: [Common 17-349] Got license for feature 'Synthesis' and/or device 'xc7a35t'
INFO: [Device 21-403] Loading part xc7a35tcpg236-1
INFO: [Designutils 20-5440] No compile time benefit to using incremental synthesis; A full resynthesis will be run
INFO: [Designutils 20-4379] Flow is switching to default flow due to incremental criteria not met. If you would like to alter this behaviour and have the flow terminate instead, please set the following parameter config_implementation {autoIncr.Synth.RejectBehavior Terminate}
INFO: [Synth 8-7079] Multithreading enabled for synth_design using a maximum of 4 processes.
INFO: [Synth 8-7078] Launching helper process for spawning children vivado processes
INFO: [Synth 8-7075] Helper process launched with PID 67409
---------------------------------------------------------------------------------
Starting RTL Elaboration : Time (s): cpu = 00:00:04 ; elapsed = 00:00:05 . Memory (MB): peak = 2897.145 ; gain = 0.000 ; free physical = 285 ; free virtual = 3813
---------------------------------------------------------------------------------
INFO: [Synth 8-6157] synthesizing module 'tx_top' [/home/plwalker/AMT_SQUAD/frame_sync/pn11_tx/pn11_tx.srcs/sources_1/new/tx_top.sv:37]
INFO: [Synth 8-6157] synthesizing module 'generate_PN11' [/home/plwalker/AMT_SQUAD/frame_sync/pn11_tx/pn11_tx.srcs/sources_1/new/generate_PN11.sv:24]
INFO: [Synth 8-155] case statement is not full and has no default [/home/plwalker/AMT_SQUAD/frame_sync/pn11_tx/pn11_tx.srcs/sources_1/new/generate_PN11.sv:51]
INFO: [Synth 8-6155] done synthesizing module 'generate_PN11' (0#1) [/home/plwalker/AMT_SQUAD/frame_sync/pn11_tx/pn11_tx.srcs/sources_1/new/generate_PN11.sv:24]
INFO: [Synth 8-6157] synthesizing module 'clk_wiz_1' [/home/plwalker/AMT_SQUAD/frame_sync/pn11_tx/pn11_tx.runs/synth_1/.Xil/Vivado-67369-CB428-EE10977/realtime/clk_wiz_1_stub.v:5]
INFO: [Synth 8-6155] done synthesizing module 'clk_wiz_1' (0#1) [/home/plwalker/AMT_SQUAD/frame_sync/pn11_tx/pn11_tx.runs/synth_1/.Xil/Vivado-67369-CB428-EE10977/realtime/clk_wiz_1_stub.v:5]
INFO: [Synth 8-6155] done synthesizing module 'tx_top' (0#1) [/home/plwalker/AMT_SQUAD/frame_sync/pn11_tx/pn11_tx.srcs/sources_1/new/tx_top.sv:37]
---------------------------------------------------------------------------------
Finished RTL Elaboration : Time (s): cpu = 00:00:05 ; elapsed = 00:00:09 . Memory (MB): peak = 2897.145 ; gain = 0.000 ; free physical = 251 ; free virtual = 3687
---------------------------------------------------------------------------------
---------------------------------------------------------------------------------
Start Handling Custom Attributes
---------------------------------------------------------------------------------
---------------------------------------------------------------------------------
Finished Handling Custom Attributes : Time (s): cpu = 00:00:06 ; elapsed = 00:00:09 . Memory (MB): peak = 2897.145 ; gain = 0.000 ; free physical = 231 ; free virtual = 3669
---------------------------------------------------------------------------------
---------------------------------------------------------------------------------
Finished RTL Optimization Phase 1 : Time (s): cpu = 00:00:06 ; elapsed = 00:00:09 . Memory (MB): peak = 2897.145 ; gain = 0.000 ; free physical = 231 ; free virtual = 3669
---------------------------------------------------------------------------------
Netlist sorting complete. Time (s): cpu = 00:00:00.01 ; elapsed = 00:00:00 . Memory (MB): peak = 2897.145 ; gain = 0.000 ; free physical = 225 ; free virtual = 3663
INFO: [Project 1-570] Preparing netlist for logic optimization

Processing XDC Constraints
Initializing timing engine
Parsing XDC File [/home/plwalker/AMT_SQUAD/frame_sync/pn11_tx/pn11_tx.gen/sources_1/ip/clk_wiz_1/clk_wiz_1/clk_wiz_1_in_context.xdc] for cell 'nolabel_line48'
Finished Parsing XDC File [/home/plwalker/AMT_SQUAD/frame_sync/pn11_tx/pn11_tx.gen/sources_1/ip/clk_wiz_1/clk_wiz_1/clk_wiz_1_in_context.xdc] for cell 'nolabel_line48'
Parsing XDC File [/home/plwalker/AMT_SQUAD/frame_sync/pn11_tx/pn11_tx.ip_user_files/constraints.xdc]
Finished Parsing XDC File [/home/plwalker/AMT_SQUAD/frame_sync/pn11_tx/pn11_tx.ip_user_files/constraints.xdc]
INFO: [Project 1-236] Implementation specific constraints were found while reading constraint file [/home/plwalker/AMT_SQUAD/frame_sync/pn11_tx/pn11_tx.ip_user_files/constraints.xdc]. These constraints will be ignored for synthesis but will be used in implementation. Impacted constraints are listed in the file [.Xil/tx_top_propImpl.xdc].
Resolution: To avoid this warning, move constraints listed in [.Xil/tx_top_propImpl.xdc] to another XDC file and exclude this new file from synthesis with the used_in_synthesis property (File Properties dialog in GUI) and re-run elaboration/synthesis.
Completed Processing XDC Constraints

Netlist sorting complete. Time (s): cpu = 00:00:00 ; elapsed = 00:00:00 . Memory (MB): peak = 2961.176 ; gain = 0.000 ; free physical = 1152 ; free virtual = 3751
INFO: [Project 1-111] Unisim Transformation Summary:
No Unisim elements were transformed.

Constraint Validation Runtime : Time (s): cpu = 00:00:00 ; elapsed = 00:00:00.07 . Memory (MB): peak = 2961.176 ; gain = 0.000 ; free physical = 1150 ; free virtual = 3751
INFO: [Designutils 20-5440] No compile time benefit to using incremental synthesis; A full resynthesis will be run
INFO: [Designutils 20-4379] Flow is switching to default flow due to incremental criteria not met. If you would like to alter this behaviour and have the flow terminate instead, please set the following parameter config_implementation {autoIncr.Synth.RejectBehavior Terminate}
---------------------------------------------------------------------------------
Finished Constraint Validation : Time (s): cpu = 00:00:12 ; elapsed = 00:00:19 . Memory (MB): peak = 2961.176 ; gain = 64.031 ; free physical = 1163 ; free virtual = 3814
---------------------------------------------------------------------------------
---------------------------------------------------------------------------------
Start Loading Part and Timing Information
---------------------------------------------------------------------------------
Loading part: xc7a35tcpg236-1
---------------------------------------------------------------------------------
Finished Loading Part and Timing Information : Time (s): cpu = 00:00:12 ; elapsed = 00:00:20 . Memory (MB): peak = 2961.176 ; gain = 64.031 ; free physical = 1162 ; free virtual = 3813
---------------------------------------------------------------------------------
---------------------------------------------------------------------------------
Start Applying 'set_property' XDC Constraints
---------------------------------------------------------------------------------
Applied set_property IO_BUFFER_TYPE = NONE for CLK100MHZ. (constraint file  /home/plwalker/AMT_SQUAD/frame_sync/pn11_tx/pn11_tx.gen/sources_1/ip/clk_wiz_1/clk_wiz_1/clk_wiz_1_in_context.xdc, line 3).
Applied set_property CLOCK_BUFFER_TYPE = NONE for CLK100MHZ. (constraint file  /home/plwalker/AMT_SQUAD/frame_sync/pn11_tx/pn11_tx.gen/sources_1/ip/clk_wiz_1/clk_wiz_1/clk_wiz_1_in_context.xdc, line 4).
Applied set_property KEEP_HIERARCHY = SOFT for nolabel_line48. (constraint file  auto generated constraint).
---------------------------------------------------------------------------------
Finished applying 'set_property' XDC Constraints : Time (s): cpu = 00:00:12 ; elapsed = 00:00:20 . Memory (MB): peak = 2961.176 ; gain = 64.031 ; free physical = 1162 ; free virtual = 3814
---------------------------------------------------------------------------------
INFO: [Synth 8-802] inferred FSM for state register 'cs_reg' in module 'generate_PN11'
---------------------------------------------------------------------------------------------------
                   State |                     New Encoding |                Previous Encoding 
---------------------------------------------------------------------------------------------------
                    idle |                               00 |                               00
                   pilot |                               01 |                               01
                    PN11 |                               10 |                               10
---------------------------------------------------------------------------------------------------
INFO: [Synth 8-3354] encoded FSM with state register 'cs_reg' using encoding 'sequential' in module 'generate_PN11'
---------------------------------------------------------------------------------
Finished RTL Optimization Phase 2 : Time (s): cpu = 00:00:12 ; elapsed = 00:00:20 . Memory (MB): peak = 2961.176 ; gain = 64.031 ; free physical = 1155 ; free virtual = 3810
---------------------------------------------------------------------------------
---------------------------------------------------------------------------------
Start RTL Component Statistics 
---------------------------------------------------------------------------------
Detailed RTL Component Info : 
+---Adders : 
	   2 Input   11 Bit       Adders := 1     
	   2 Input    7 Bit       Adders := 1     
+---XORs : 
	   2 Input      1 Bit         XORs := 1     
+---Registers : 
	               16 Bit    Registers := 1     
	               11 Bit    Registers := 2     
	                7 Bit    Registers := 1     
	                1 Bit    Registers := 2     
+---Muxes : 
	   4 Input   11 Bit        Muxes := 1     
	   2 Input   11 Bit        Muxes := 3     
	   3 Input    2 Bit        Muxes := 1     
	   2 Input    2 Bit        Muxes := 3     
	   2 Input    1 Bit        Muxes := 9     
	   3 Input    1 Bit        Muxes := 3     
---------------------------------------------------------------------------------
Finished RTL Component Statistics 
---------------------------------------------------------------------------------
---------------------------------------------------------------------------------
Start Part Resource Summary
---------------------------------------------------------------------------------
Part Resources:
DSPs: 90 (col length:60)
BRAMs: 100 (col length: RAMB18 60 RAMB36 30)
---------------------------------------------------------------------------------
Finished Part Resource Summary
---------------------------------------------------------------------------------
---------------------------------------------------------------------------------
Start Cross Boundary and Area Optimization
---------------------------------------------------------------------------------
WARNING: [Synth 8-7080] Parallel synthesis criteria is not met
---------------------------------------------------------------------------------
Finished Cross Boundary and Area Optimization : Time (s): cpu = 00:00:14 ; elapsed = 00:00:22 . Memory (MB): peak = 2961.176 ; gain = 64.031 ; free physical = 1137 ; free virtual = 3800
---------------------------------------------------------------------------------
---------------------------------------------------------------------------------
Start Applying XDC Timing Constraints
---------------------------------------------------------------------------------
---------------------------------------------------------------------------------
Finished Applying XDC Timing Constraints : Time (s): cpu = 00:00:18 ; elapsed = 00:00:26 . Memory (MB): peak = 2961.176 ; gain = 64.031 ; free physical = 1011 ; free virtual = 3682
---------------------------------------------------------------------------------
---------------------------------------------------------------------------------
Start Timing Optimization
---------------------------------------------------------------------------------
---------------------------------------------------------------------------------
Finished Timing Optimization : Time (s): cpu = 00:00:18 ; elapsed = 00:00:26 . Memory (MB): peak = 2961.176 ; gain = 64.031 ; free physical = 1004 ; free virtual = 3675
---------------------------------------------------------------------------------
---------------------------------------------------------------------------------
Start Technology Mapping
---------------------------------------------------------------------------------
---------------------------------------------------------------------------------
Finished Technology Mapping : Time (s): cpu = 00:00:18 ; elapsed = 00:00:27 . Memory (MB): peak = 2961.176 ; gain = 64.031 ; free physical = 1004 ; free virtual = 3675
---------------------------------------------------------------------------------
---------------------------------------------------------------------------------
Start IO Insertion
---------------------------------------------------------------------------------
---------------------------------------------------------------------------------
Start Flattening Before IO Insertion
---------------------------------------------------------------------------------
---------------------------------------------------------------------------------
Finished Flattening Before IO Insertion
---------------------------------------------------------------------------------
---------------------------------------------------------------------------------
Start Final Netlist Cleanup
---------------------------------------------------------------------------------
---------------------------------------------------------------------------------
Finished Final Netlist Cleanup
---------------------------------------------------------------------------------
---------------------------------------------------------------------------------
Finished IO Insertion : Time (s): cpu = 00:00:22 ; elapsed = 00:00:30 . Memory (MB): peak = 2961.176 ; gain = 64.031 ; free physical = 1013 ; free virtual = 3686
---------------------------------------------------------------------------------
---------------------------------------------------------------------------------
Start Renaming Generated Instances
---------------------------------------------------------------------------------
---------------------------------------------------------------------------------
Finished Renaming Generated Instances : Time (s): cpu = 00:00:22 ; elapsed = 00:00:30 . Memory (MB): peak = 2961.176 ; gain = 64.031 ; free physical = 1013 ; free virtual = 3686
---------------------------------------------------------------------------------
---------------------------------------------------------------------------------
Start Rebuilding User Hierarchy
---------------------------------------------------------------------------------
---------------------------------------------------------------------------------
Finished Rebuilding User Hierarchy : Time (s): cpu = 00:00:22 ; elapsed = 00:00:30 . Memory (MB): peak = 2961.176 ; gain = 64.031 ; free physical = 1013 ; free virtual = 3686
---------------------------------------------------------------------------------
---------------------------------------------------------------------------------
Start Renaming Generated Ports
---------------------------------------------------------------------------------
---------------------------------------------------------------------------------
Finished Renaming Generated Ports : Time (s): cpu = 00:00:22 ; elapsed = 00:00:30 . Memory (MB): peak = 2961.176 ; gain = 64.031 ; free physical = 1013 ; free virtual = 3686
---------------------------------------------------------------------------------
---------------------------------------------------------------------------------
Start Handling Custom Attributes
---------------------------------------------------------------------------------
---------------------------------------------------------------------------------
Finished Handling Custom Attributes : Time (s): cpu = 00:00:22 ; elapsed = 00:00:30 . Memory (MB): peak = 2961.176 ; gain = 64.031 ; free physical = 1013 ; free virtual = 3686
---------------------------------------------------------------------------------
---------------------------------------------------------------------------------
Start Renaming Generated Nets
---------------------------------------------------------------------------------
---------------------------------------------------------------------------------
Finished Renaming Generated Nets : Time (s): cpu = 00:00:22 ; elapsed = 00:00:30 . Memory (MB): peak = 2961.176 ; gain = 64.031 ; free physical = 1013 ; free virtual = 3686
---------------------------------------------------------------------------------
---------------------------------------------------------------------------------
Start Writing Synthesis Report
---------------------------------------------------------------------------------

Report BlackBoxes: 
+------+--------------+----------+
|      |BlackBox name |Instances |
+------+--------------+----------+
|1     |clk_wiz_1     |         1|
+------+--------------+----------+

Report Cell Usage: 
+------+--------+------+
|      |Cell    |Count |
+------+--------+------+
|1     |clk_wiz |     1|
|2     |CARRY4  |     3|
|3     |LUT1    |     2|
|4     |LUT2    |     5|
|5     |LUT3    |    15|
|6     |LUT4    |    12|
|7     |LUT5    |    11|
|8     |LUT6    |     9|
|9     |FDRE    |    53|
|10    |FDSE    |     8|
|11    |IBUF    |     2|
|12    |OBUF    |     4|
+------+--------+------+
---------------------------------------------------------------------------------
Finished Writing Synthesis Report : Time (s): cpu = 00:00:22 ; elapsed = 00:00:30 . Memory (MB): peak = 2961.176 ; gain = 64.031 ; free physical = 1013 ; free virtual = 3686
---------------------------------------------------------------------------------
Synthesis finished with 0 errors, 0 critical warnings and 1 warnings.
Synthesis Optimization Runtime : Time (s): cpu = 00:00:20 ; elapsed = 00:00:25 . Memory (MB): peak = 2961.176 ; gain = 0.000 ; free physical = 1056 ; free virtual = 3728
Synthesis Optimization Complete : Time (s): cpu = 00:00:22 ; elapsed = 00:00:30 . Memory (MB): peak = 2961.176 ; gain = 64.031 ; free physical = 1056 ; free virtual = 3728
INFO: [Project 1-571] Translating synthesized netlist
Netlist sorting complete. Time (s): cpu = 00:00:00 ; elapsed = 00:00:00 . Memory (MB): peak = 2961.176 ; gain = 0.000 ; free physical = 1048 ; free virtual = 3723
INFO: [Netlist 29-17] Analyzing 3 Unisim elements for replacement
INFO: [Netlist 29-28] Unisim Transformation completed in 0 CPU seconds
INFO: [Project 1-570] Preparing netlist for logic optimization
INFO: [Opt 31-138] Pushed 0 inverter(s) to 0 load pin(s).
Netlist sorting complete. Time (s): cpu = 00:00:00 ; elapsed = 00:00:00 . Memory (MB): peak = 2961.176 ; gain = 0.000 ; free physical = 1091 ; free virtual = 3770
INFO: [Project 1-111] Unisim Transformation Summary:
No Unisim elements were transformed.

Synth Design complete, checksum: 98db189
INFO: [Common 17-83] Releasing license: Synthesis
30 Infos, 1 Warnings, 0 Critical Warnings and 0 Errors encountered.
synth_design completed successfully
synth_design: Time (s): cpu = 00:00:30 ; elapsed = 00:00:35 . Memory (MB): peak = 2961.176 ; gain = 64.031 ; free physical = 1298 ; free virtual = 3977
INFO: [Common 17-1381] The checkpoint '/home/plwalker/AMT_SQUAD/frame_sync/pn11_tx/pn11_tx.runs/synth_1/tx_top.dcp' has been generated.
INFO: [runtcl-4] Executing : report_utilization -file tx_top_utilization_synth.rpt -pb tx_top_utilization_synth.pb
INFO: [Common 17-206] Exiting Vivado at Mon Jul 18 16:06:49 2022...
